DEBUG - 2025-12-23 08:03:38 --> Session: Class initialized using 'CodeIgniter\Session\Handlers\FileHandler' driver.
DEBUG - 2025-12-23 08:03:38 --> Session: Class initialized using 'CodeIgniter\Session\Handlers\FileHandler' driver.
DEBUG - 2025-12-23 08:04:15 --> Session: Class initialized using 'CodeIgniter\Session\Handlers\FileHandler' driver.
DEBUG - 2025-12-23 08:04:22 --> Session: Class initialized using 'CodeIgniter\Session\Handlers\FileHandler' driver.
DEBUG - 2025-12-23 08:04:23 --> Session: Class initialized using 'CodeIgniter\Session\Handlers\FileHandler' driver.
ERROR - 2025-12-23 08:09:38 --> mysqli_sql_exception: Table 'users' already exists in D:\esperanda\Portfolio\nutriscan-webapp\dengan-ci4\Nutriscan-main\ci4\system\Database\MySQLi\Connection.php:327
Stack trace:
#0 D:\esperanda\Portfolio\nutriscan-webapp\dengan-ci4\Nutriscan-main\ci4\system\Database\MySQLi\Connection.php(327): mysqli->query('CREATE TABLE `u...', 0)
#1 D:\esperanda\Portfolio\nutriscan-webapp\dengan-ci4\Nutriscan-main\ci4\system\Database\BaseConnection.php(738): CodeIgniter\Database\MySQLi\Connection->execute('CREATE TABLE `u...')
#2 D:\esperanda\Portfolio\nutriscan-webapp\dengan-ci4\Nutriscan-main\ci4\system\Database\BaseConnection.php(652): CodeIgniter\Database\BaseConnection->simpleQuery('CREATE TABLE `u...')
#3 D:\esperanda\Portfolio\nutriscan-webapp\dengan-ci4\Nutriscan-main\ci4\system\Database\Forge.php(570): CodeIgniter\Database\BaseConnection->query('CREATE TABLE `u...')
#4 D:\esperanda\Portfolio\nutriscan-webapp\dengan-ci4\Nutriscan-main\ci4\app\Database\Migrations\2025-12-23-080511_CreateUsersTable.php(49): CodeIgniter\Database\Forge->createTable('users')
#5 D:\esperanda\Portfolio\nutriscan-webapp\dengan-ci4\Nutriscan-main\ci4\system\Database\MigrationRunner.php(876): App\Database\Migrations\CreateUsersTable->up()
#6 D:\esperanda\Portfolio\nutriscan-webapp\dengan-ci4\Nutriscan-main\ci4\system\Database\MigrationRunner.php(182): CodeIgniter\Database\MigrationRunner->migrate('up', Object(stdClass))
#7 D:\esperanda\Portfolio\nutriscan-webapp\dengan-ci4\Nutriscan-main\ci4\system\Commands\Database\Migrate.php(85): CodeIgniter\Database\MigrationRunner->latest(NULL)
#8 D:\esperanda\Portfolio\nutriscan-webapp\dengan-ci4\Nutriscan-main\ci4\system\CLI\Commands.php(74): CodeIgniter\Commands\Database\Migrate->run(Array)
#9 D:\esperanda\Portfolio\nutriscan-webapp\dengan-ci4\Nutriscan-main\ci4\system\CLI\BaseCommand.php(119): CodeIgniter\CLI\Commands->run('migrate', Array)
#10 D:\esperanda\Portfolio\nutriscan-webapp\dengan-ci4\Nutriscan-main\ci4\system\Commands\Database\MigrateRefresh.php(87): CodeIgniter\CLI\BaseCommand->call('migrate', Array)
#11 D:\esperanda\Portfolio\nutriscan-webapp\dengan-ci4\Nutriscan-main\ci4\system\CLI\Commands.php(74): CodeIgniter\Commands\Database\MigrateRefresh->run(Array)
#12 D:\esperanda\Portfolio\nutriscan-webapp\dengan-ci4\Nutriscan-main\ci4\system\CLI\Console.php(47): CodeIgniter\CLI\Commands->run('migrate:refresh', Array)
#13 D:\esperanda\Portfolio\nutriscan-webapp\dengan-ci4\Nutriscan-main\ci4\system\Boot.php(360): CodeIgniter\CLI\Console->run()
#14 D:\esperanda\Portfolio\nutriscan-webapp\dengan-ci4\Nutriscan-main\ci4\system\Boot.php(104): CodeIgniter\Boot::runCommand(Object(CodeIgniter\CLI\Console))
#15 D:\esperanda\Portfolio\nutriscan-webapp\dengan-ci4\Nutriscan-main\ci4\spark(87): CodeIgniter\Boot::bootSpark(Object(Config\Paths))
#16 {main}
ERROR - 2025-12-23 08:10:51 --> mysqli_sql_exception: Invalid default value for 'scanned_at' in D:\esperanda\Portfolio\nutriscan-webapp\dengan-ci4\Nutriscan-main\ci4\system\Database\MySQLi\Connection.php:327
Stack trace:
#0 D:\esperanda\Portfolio\nutriscan-webapp\dengan-ci4\Nutriscan-main\ci4\system\Database\MySQLi\Connection.php(327): mysqli->query('CREATE TABLE `s...', 0)
#1 D:\esperanda\Portfolio\nutriscan-webapp\dengan-ci4\Nutriscan-main\ci4\system\Database\BaseConnection.php(738): CodeIgniter\Database\MySQLi\Connection->execute('CREATE TABLE `s...')
#2 D:\esperanda\Portfolio\nutriscan-webapp\dengan-ci4\Nutriscan-main\ci4\system\Database\BaseConnection.php(652): CodeIgniter\Database\BaseConnection->simpleQuery('CREATE TABLE `s...')
#3 D:\esperanda\Portfolio\nutriscan-webapp\dengan-ci4\Nutriscan-main\ci4\system\Database\Forge.php(570): CodeIgniter\Database\BaseConnection->query('CREATE TABLE `s...')
#4 D:\esperanda\Portfolio\nutriscan-webapp\dengan-ci4\Nutriscan-main\ci4\app\Database\Migrations\2025-12-23-080600_CreateScanHistoryTable.php(58): CodeIgniter\Database\Forge->createTable('scan_history')
#5 D:\esperanda\Portfolio\nutriscan-webapp\dengan-ci4\Nutriscan-main\ci4\system\Database\MigrationRunner.php(876): App\Database\Migrations\CreateScanHistoryTable->up()
#6 D:\esperanda\Portfolio\nutriscan-webapp\dengan-ci4\Nutriscan-main\ci4\system\Database\MigrationRunner.php(182): CodeIgniter\Database\MigrationRunner->migrate('up', Object(stdClass))
#7 D:\esperanda\Portfolio\nutriscan-webapp\dengan-ci4\Nutriscan-main\ci4\system\Commands\Database\Migrate.php(85): CodeIgniter\Database\MigrationRunner->latest(NULL)
#8 D:\esperanda\Portfolio\nutriscan-webapp\dengan-ci4\Nutriscan-main\ci4\system\CLI\Commands.php(74): CodeIgniter\Commands\Database\Migrate->run(Array)
#9 D:\esperanda\Portfolio\nutriscan-webapp\dengan-ci4\Nutriscan-main\ci4\system\CLI\BaseCommand.php(119): CodeIgniter\CLI\Commands->run('migrate', Array)
#10 D:\esperanda\Portfolio\nutriscan-webapp\dengan-ci4\Nutriscan-main\ci4\system\Commands\Database\MigrateRefresh.php(87): CodeIgniter\CLI\BaseCommand->call('migrate', Array)
#11 D:\esperanda\Portfolio\nutriscan-webapp\dengan-ci4\Nutriscan-main\ci4\system\CLI\Commands.php(74): CodeIgniter\Commands\Database\MigrateRefresh->run(Array)
#12 D:\esperanda\Portfolio\nutriscan-webapp\dengan-ci4\Nutriscan-main\ci4\system\CLI\Console.php(47): CodeIgniter\CLI\Commands->run('migrate:refresh', Array)
#13 D:\esperanda\Portfolio\nutriscan-webapp\dengan-ci4\Nutriscan-main\ci4\system\Boot.php(360): CodeIgniter\CLI\Console->run()
#14 D:\esperanda\Portfolio\nutriscan-webapp\dengan-ci4\Nutriscan-main\ci4\system\Boot.php(104): CodeIgniter\Boot::runCommand(Object(CodeIgniter\CLI\Console))
#15 D:\esperanda\Portfolio\nutriscan-webapp\dengan-ci4\Nutriscan-main\ci4\spark(87): CodeIgniter\Boot::bootSpark(Object(Config\Paths))
#16 {main}
ERROR - 2025-12-23 08:12:09 --> mysqli_sql_exception: Invalid default value for 'scanned_at' in D:\esperanda\Portfolio\nutriscan-webapp\dengan-ci4\Nutriscan-main\ci4\system\Database\MySQLi\Connection.php:327
Stack trace:
#0 D:\esperanda\Portfolio\nutriscan-webapp\dengan-ci4\Nutriscan-main\ci4\system\Database\MySQLi\Connection.php(327): mysqli->query('CREATE TABLE `s...', 0)
#1 D:\esperanda\Portfolio\nutriscan-webapp\dengan-ci4\Nutriscan-main\ci4\system\Database\BaseConnection.php(738): CodeIgniter\Database\MySQLi\Connection->execute('CREATE TABLE `s...')
#2 D:\esperanda\Portfolio\nutriscan-webapp\dengan-ci4\Nutriscan-main\ci4\system\Database\BaseConnection.php(652): CodeIgniter\Database\BaseConnection->simpleQuery('CREATE TABLE `s...')
#3 D:\esperanda\Portfolio\nutriscan-webapp\dengan-ci4\Nutriscan-main\ci4\system\Database\Forge.php(570): CodeIgniter\Database\BaseConnection->query('CREATE TABLE `s...')
#4 D:\esperanda\Portfolio\nutriscan-webapp\dengan-ci4\Nutriscan-main\ci4\app\Database\Migrations\2025-12-23-080600_CreateScanHistoryTable.php(58): CodeIgniter\Database\Forge->createTable('scan_history')
#5 D:\esperanda\Portfolio\nutriscan-webapp\dengan-ci4\Nutriscan-main\ci4\system\Database\MigrationRunner.php(876): App\Database\Migrations\CreateScanHistoryTable->up()
#6 D:\esperanda\Portfolio\nutriscan-webapp\dengan-ci4\Nutriscan-main\ci4\system\Database\MigrationRunner.php(182): CodeIgniter\Database\MigrationRunner->migrate('up', Object(stdClass))
#7 D:\esperanda\Portfolio\nutriscan-webapp\dengan-ci4\Nutriscan-main\ci4\system\Commands\Database\Migrate.php(85): CodeIgniter\Database\MigrationRunner->latest(NULL)
#8 D:\esperanda\Portfolio\nutriscan-webapp\dengan-ci4\Nutriscan-main\ci4\system\CLI\Commands.php(74): CodeIgniter\Commands\Database\Migrate->run(Array)
#9 D:\esperanda\Portfolio\nutriscan-webapp\dengan-ci4\Nutriscan-main\ci4\system\CLI\BaseCommand.php(119): CodeIgniter\CLI\Commands->run('migrate', Array)
#10 D:\esperanda\Portfolio\nutriscan-webapp\dengan-ci4\Nutriscan-main\ci4\system\Commands\Database\MigrateRefresh.php(87): CodeIgniter\CLI\BaseCommand->call('migrate', Array)
#11 D:\esperanda\Portfolio\nutriscan-webapp\dengan-ci4\Nutriscan-main\ci4\system\CLI\Commands.php(74): CodeIgniter\Commands\Database\MigrateRefresh->run(Array)
#12 D:\esperanda\Portfolio\nutriscan-webapp\dengan-ci4\Nutriscan-main\ci4\system\CLI\Console.php(47): CodeIgniter\CLI\Commands->run('migrate:refresh', Array)
#13 D:\esperanda\Portfolio\nutriscan-webapp\dengan-ci4\Nutriscan-main\ci4\system\Boot.php(360): CodeIgniter\CLI\Console->run()
#14 D:\esperanda\Portfolio\nutriscan-webapp\dengan-ci4\Nutriscan-main\ci4\system\Boot.php(104): CodeIgniter\Boot::runCommand(Object(CodeIgniter\CLI\Console))
#15 D:\esperanda\Portfolio\nutriscan-webapp\dengan-ci4\Nutriscan-main\ci4\spark(87): CodeIgniter\Boot::bootSpark(Object(Config\Paths))
#16 {main}
DEBUG - 2025-12-23 08:13:52 --> Session: Class initialized using 'CodeIgniter\Session\Handlers\FileHandler' driver.
DEBUG - 2025-12-23 08:13:58 --> Session: Class initialized using 'CodeIgniter\Session\Handlers\FileHandler' driver.
DEBUG - 2025-12-23 08:14:05 --> Session: Class initialized using 'CodeIgniter\Session\Handlers\FileHandler' driver.
DEBUG - 2025-12-23 08:14:05 --> Session: Class initialized using 'CodeIgniter\Session\Handlers\FileHandler' driver.
DEBUG - 2025-12-23 08:14:09 --> Session: Class initialized using 'CodeIgniter\Session\Handlers\FileHandler' driver.
DEBUG - 2025-12-23 08:14:18 --> Session: Class initialized using 'CodeIgniter\Session\Handlers\FileHandler' driver.
DEBUG - 2025-12-23 08:14:18 --> Session: Class initialized using 'CodeIgniter\Session\Handlers\FileHandler' driver.
DEBUG - 2025-12-23 08:14:27 --> Session: Class initialized using 'CodeIgniter\Session\Handlers\FileHandler' driver.
DEBUG - 2025-12-23 08:14:27 --> Session: Class initialized using 'CodeIgniter\Session\Handlers\FileHandler' driver.
DEBUG - 2025-12-23 08:14:31 --> Session: Class initialized using 'CodeIgniter\Session\Handlers\FileHandler' driver.
DEBUG - 2025-12-23 08:14:42 --> Session: Class initialized using 'CodeIgniter\Session\Handlers\FileHandler' driver.
DEBUG - 2025-12-23 08:14:47 --> Session: Class initialized using 'CodeIgniter\Session\Handlers\FileHandler' driver.
DEBUG - 2025-12-23 08:14:49 --> Session: Class initialized using 'CodeIgniter\Session\Handlers\FileHandler' driver.
DEBUG - 2025-12-23 08:15:09 --> Session: Class initialized using 'CodeIgniter\Session\Handlers\FileHandler' driver.
DEBUG - 2025-12-23 08:15:13 --> Session: Class initialized using 'CodeIgniter\Session\Handlers\FileHandler' driver.
DEBUG - 2025-12-23 08:15:21 --> Session: Class initialized using 'CodeIgniter\Session\Handlers\FileHandler' driver.
DEBUG - 2025-12-23 08:15:31 --> Session: Class initialized using 'CodeIgniter\Session\Handlers\FileHandler' driver.
DEBUG - 2025-12-23 08:35:36 --> Session: Class initialized using 'CodeIgniter\Session\Handlers\FileHandler' driver.
DEBUG - 2025-12-23 08:35:44 --> Session: Class initialized using 'CodeIgniter\Session\Handlers\FileHandler' driver.
DEBUG - 2025-12-23 08:36:02 --> Session: Class initialized using 'CodeIgniter\Session\Handlers\FileHandler' driver.
DEBUG - 2025-12-23 08:36:03 --> Session: Class initialized using 'CodeIgniter\Session\Handlers\FileHandler' driver.
DEBUG - 2025-12-23 08:36:05 --> Session: Class initialized using 'CodeIgniter\Session\Handlers\FileHandler' driver.
DEBUG - 2025-12-23 08:37:22 --> Session: Class initialized using 'CodeIgniter\Session\Handlers\FileHandler' driver.
DEBUG - 2025-12-23 08:37:29 --> Session: Class initialized using 'CodeIgniter\Session\Handlers\FileHandler' driver.
DEBUG - 2025-12-23 08:38:07 --> Session: Class initialized using 'CodeIgniter\Session\Handlers\FileHandler' driver.
DEBUG - 2025-12-23 08:38:25 --> Session: Class initialized using 'CodeIgniter\Session\Handlers\FileHandler' driver.
DEBUG - 2025-12-23 08:38:32 --> Session: Class initialized using 'CodeIgniter\Session\Handlers\FileHandler' driver.
DEBUG - 2025-12-23 08:38:35 --> Session: Class initialized using 'CodeIgniter\Session\Handlers\FileHandler' driver.
DEBUG - 2025-12-23 08:38:43 --> Session: Class initialized using 'CodeIgniter\Session\Handlers\FileHandler' driver.
DEBUG - 2025-12-23 08:38:46 --> Session: Class initialized using 'CodeIgniter\Session\Handlers\FileHandler' driver.
DEBUG - 2025-12-23 08:38:55 --> Session: Class initialized using 'CodeIgniter\Session\Handlers\FileHandler' driver.
DEBUG - 2025-12-23 08:39:00 --> Session: Class initialized using 'CodeIgniter\Session\Handlers\FileHandler' driver.
DEBUG - 2025-12-23 08:39:04 --> Session: Class initialized using 'CodeIgniter\Session\Handlers\FileHandler' driver.
DEBUG - 2025-12-23 08:39:33 --> Session: Class initialized using 'CodeIgniter\Session\Handlers\FileHandler' driver.
DEBUG - 2025-12-23 08:39:34 --> Session: Class initialized using 'CodeIgniter\Session\Handlers\FileHandler' driver.
DEBUG - 2025-12-23 08:40:12 --> Session: Class initialized using 'CodeIgniter\Session\Handlers\FileHandler' driver.
DEBUG - 2025-12-23 08:42:43 --> Session: Class initialized using 'CodeIgniter\Session\Handlers\FileHandler' driver.
DEBUG - 2025-12-23 08:42:45 --> Session: Class initialized using 'CodeIgniter\Session\Handlers\FileHandler' driver.
DEBUG - 2025-12-23 08:43:39 --> Session: Class initialized using 'CodeIgniter\Session\Handlers\FileHandler' driver.
DEBUG - 2025-12-23 08:43:41 --> Session: Class initialized using 'CodeIgniter\Session\Handlers\FileHandler' driver.
DEBUG - 2025-12-23 08:44:14 --> Session: Class initialized using 'CodeIgniter\Session\Handlers\FileHandler' driver.
DEBUG - 2025-12-23 08:44:28 --> Session: Class initialized using 'CodeIgniter\Session\Handlers\FileHandler' driver.
DEBUG - 2025-12-23 08:44:32 --> Session: Class initialized using 'CodeIgniter\Session\Handlers\FileHandler' driver.
DEBUG - 2025-12-23 08:44:34 --> Session: Class initialized using 'CodeIgniter\Session\Handlers\FileHandler' driver.
DEBUG - 2025-12-23 08:44:55 --> Session: Class initialized using 'CodeIgniter\Session\Handlers\FileHandler' driver.
DEBUG - 2025-12-23 08:44:57 --> Session: Class initialized using 'CodeIgniter\Session\Handlers\FileHandler' driver.
DEBUG - 2025-12-23 08:45:00 --> Session: Class initialized using 'CodeIgniter\Session\Handlers\FileHandler' driver.
DEBUG - 2025-12-23 08:45:03 --> Session: Class initialized using 'CodeIgniter\Session\Handlers\FileHandler' driver.
DEBUG - 2025-12-23 08:45:25 --> Session: Class initialized using 'CodeIgniter\Session\Handlers\FileHandler' driver.
DEBUG - 2025-12-23 08:45:41 --> Session: Class initialized using 'CodeIgniter\Session\Handlers\FileHandler' driver.
DEBUG - 2025-12-23 08:47:34 --> Session: Class initialized using 'CodeIgniter\Session\Handlers\FileHandler' driver.
DEBUG - 2025-12-23 08:48:34 --> Session: Class initialized using 'CodeIgniter\Session\Handlers\FileHandler' driver.
DEBUG - 2025-12-23 08:48:36 --> Session: Class initialized using 'CodeIgniter\Session\Handlers\FileHandler' driver.
DEBUG - 2025-12-23 08:48:47 --> Session: Class initialized using 'CodeIgniter\Session\Handlers\FileHandler' driver.
DEBUG - 2025-12-23 08:48:50 --> Session: Class initialized using 'CodeIgniter\Session\Handlers\FileHandler' driver.
DEBUG - 2025-12-23 08:48:52 --> Session: Class initialized using 'CodeIgniter\Session\Handlers\FileHandler' driver.
DEBUG - 2025-12-23 08:48:55 --> Session: Class initialized using 'CodeIgniter\Session\Handlers\FileHandler' driver.
DEBUG - 2025-12-23 08:49:06 --> Session: Class initialized using 'CodeIgniter\Session\Handlers\FileHandler' driver.
DEBUG - 2025-12-23 08:49:08 --> Session: Class initialized using 'CodeIgniter\Session\Handlers\FileHandler' driver.
DEBUG - 2025-12-23 08:49:09 --> Session: Class initialized using 'CodeIgniter\Session\Handlers\FileHandler' driver.
DEBUG - 2025-12-23 08:49:10 --> Session: Class initialized using 'CodeIgniter\Session\Handlers\FileHandler' driver.
DEBUG - 2025-12-23 08:50:15 --> Session: Class initialized using 'CodeIgniter\Session\Handlers\FileHandler' driver.
DEBUG - 2025-12-23 08:51:52 --> Session: Class initialized using 'CodeIgniter\Session\Handlers\FileHandler' driver.
DEBUG - 2025-12-23 08:52:56 --> Session: Class initialized using 'CodeIgniter\Session\Handlers\FileHandler' driver.
DEBUG - 2025-12-23 08:52:59 --> Session: Class initialized using 'CodeIgniter\Session\Handlers\FileHandler' driver.
DEBUG - 2025-12-23 08:53:18 --> Session: Class initialized using 'CodeIgniter\Session\Handlers\FileHandler' driver.
DEBUG - 2025-12-23 08:54:09 --> Session: Class initialized using 'CodeIgniter\Session\Handlers\FileHandler' driver.
DEBUG - 2025-12-23 08:54:09 --> Session: Class initialized using 'CodeIgniter\Session\Handlers\FileHandler' driver.
DEBUG - 2025-12-23 08:54:12 --> Session: Class initialized using 'CodeIgniter\Session\Handlers\FileHandler' driver.
DEBUG - 2025-12-23 08:54:13 --> Session: Class initialized using 'CodeIgniter\Session\Handlers\FileHandler' driver.
DEBUG - 2025-12-23 08:54:14 --> Session: Class initialized using 'CodeIgniter\Session\Handlers\FileHandler' driver.
DEBUG - 2025-12-23 08:54:18 --> Session: Class initialized using 'CodeIgniter\Session\Handlers\FileHandler' driver.
DEBUG - 2025-12-23 08:54:52 --> Session: Class initialized using 'CodeIgniter\Session\Handlers\FileHandler' driver.
DEBUG - 2025-12-23 08:55:18 --> Session: Class initialized using 'CodeIgniter\Session\Handlers\FileHandler' driver.
DEBUG - 2025-12-23 08:56:10 --> Session: Class initialized using 'CodeIgniter\Session\Handlers\FileHandler' driver.
DEBUG - 2025-12-23 08:57:54 --> Session: Class initialized using 'CodeIgniter\Session\Handlers\FileHandler' driver.
DEBUG - 2025-12-23 08:57:58 --> Session: Class initialized using 'CodeIgniter\Session\Handlers\FileHandler' driver.
DEBUG - 2025-12-23 08:58:19 --> Session: Class initialized using 'CodeIgniter\Session\Handlers\FileHandler' driver.
DEBUG - 2025-12-23 08:58:19 --> Session: Class initialized using 'CodeIgniter\Session\Handlers\FileHandler' driver.
